[wp.alithemes.com/html/evara/evara-frontend/index.html]
[backblue.gif]
[fade.gif]
[index.html]
[wp.alithemes.com/html/evara/evara-frontend/assets/imgs/theme/favicon.svg]
[wp.alithemes.com/html/evara/evara-frontend/assets/css/maind134.css]
[wp.alithemes.com/html/evara/evara-frontend/assets/imgs/banner/menu-banner-7.png]
[wp.alithemes.com/html/evara/evara-frontend/shop-product-right.html]
[wp.alithemes.com/html/evara/evara-frontend/shop-grid-right.html]
[wp.alithemes.com/html/evara/evara-frontend/assets/imgs/shop/product-16-2.jpg]
[wp.alithemes.com/html/evara/evara-frontend/assets/imgs/shop/product-16-1.jpg]
[wp.alithemes.com/html/evara/evara-frontend/assets/imgs/shop/product-16-3.jpg]
[wp.alithemes.com/html/evara/evara-frontend/assets/imgs/shop/product-16-4.jpg]
[wp.alithemes.com/html/evara/evara-frontend/assets/imgs/shop/product-16-5.jpg]
[wp.alithemes.com/html/evara/evara-frontend/assets/imgs/shop/product-16-6.jpg]
[wp.alithemes.com/html/evara/evara-frontend/assets/imgs/shop/product-16-7.jpg]
[wp.alithemes.com/html/evara/evara-frontend/assets/imgs/shop/thumbnail-3.jpg]
[wp.alithemes.com/html/evara/evara-frontend/assets/imgs/shop/thumbnail-4.jpg]
[wp.alithemes.com/html/evara/evara-frontend/assets/imgs/shop/thumbnail-5.jpg]
[wp.alithemes.com/html/evara/evara-frontend/assets/imgs/shop/thumbnail-6.jpg]
[wp.alithemes.com/html/evara/evara-frontend/assets/imgs/shop/thumbnail-7.jpg]
[wp.alithemes.com/html/evara/evara-frontend/assets/imgs/shop/thumbnail-8.jpg]
[wp.alithemes.com/html/evara/evara-frontend/assets/imgs/shop/thumbnail-9.jpg]
[wp.alithemes.com/html/evara/evara-frontend/assets/imgs/theme/icons/icon-facebook.svg]
[wp.alithemes.com/html/evara/evara-frontend/assets/imgs/theme/icons/icon-twitter.svg]
[wp.alithemes.com/html/evara/evara-frontend/assets/imgs/theme/icons/icon-instagram.svg]
[wp.alithemes.com/html/evara/evara-frontend/assets/imgs/theme/icons/icon-pinterest.svg]
[wp.alithemes.com/html/evara/evara-frontend/shop-wishlist.html]
[wp.alithemes.com/html/evara/evara-frontend/shop-compare.html]
[wp.alithemes.com/html/evara/evara-frontend/page-contact.html]
[wp.alithemes.com/html/evara/evara-frontend/assets/imgs/theme/flag-fr.png]
[wp.alithemes.com/html/evara/evara-frontend/assets/imgs/theme/flag-dt.png]
[wp.alithemes.com/html/evara/evara-frontend/assets/imgs/theme/flag-ru.png]
[wp.alithemes.com/html/evara/evara-frontend/page-login-register.html]
[wp.alithemes.com/html/evara/evara-frontend/assets/imgs/theme/logo.svg]
[wp.alithemes.com/html/evara/evara-frontend/assets/imgs/theme/icons/icon-heart.svg]
[wp.alithemes.com/html/evara/evara-frontend/shop-cart.html]
[wp.alithemes.com/html/evara/evara-frontend/assets/imgs/theme/icons/icon-cart.svg]
[wp.alithemes.com/html/evara/evara-frontend/assets/imgs/shop/thumbnail-2.jpg]
[wp.alithemes.com/html/evara/evara-frontend/shop-checkout.html]
[wp.alithemes.com/html/evara/evara-frontend/assets/imgs/banner/menu-banner-2.jpg]
[wp.alithemes.com/html/evara/evara-frontend/assets/imgs/banner/menu-banner-3.jpg]
[wp.alithemes.com/html/evara/evara-frontend/assets/imgs/banner/menu-banner-4.jpg]
[wp.alithemes.com/html/evara/evara-frontend/assets/imgs/banner/menu-banner-5.jpg]
[wp.alithemes.com/html/evara/evara-frontend/assets/imgs/banner/menu-banner-6.jpg]
[wp.alithemes.com/html/evara/evara-frontend/index-2.html]
[wp.alithemes.com/html/evara/evara-frontend/index-3.html]
[wp.alithemes.com/html/evara/evara-frontend/index-4.html]
[wp.alithemes.com/html/evara/evara-frontend/page-about.html]
[wp.alithemes.com/html/evara/evara-frontend/shop-grid-left.html]
[wp.alithemes.com/html/evara/evara-frontend/shop-list-right.html]
[wp.alithemes.com/html/evara/evara-frontend/shop-list-left.html]
[wp.alithemes.com/html/evara/evara-frontend/shop-fullwidth.html]
[wp.alithemes.com/html/evara/evara-frontend/shop-product-left.html]
[wp.alithemes.com/html/evara/evara-frontend/shop-product-full.html]
[wp.alithemes.com/html/evara/evara-frontend/shop-filter.html]
[wp.alithemes.com/html/evara/evara-frontend/assets/imgs/banner/menu-banner.jpg]
[wp.alithemes.com/html/evara/evara-frontend/blog-category-grid.html]
[wp.alithemes.com/html/evara/evara-frontend/blog-category-list.html]
[wp.alithemes.com/html/evara/evara-frontend/blog-category-big.html]
[wp.alithemes.com/html/evara/evara-frontend/blog-category-fullwidth.html]
[wp.alithemes.com/html/evara/evara-frontend/blog-post-left.html]
[wp.alithemes.com/html/evara/evara-frontend/blog-post-right.html]
[wp.alithemes.com/html/evara/evara-frontend/blog-post-fullwidth.html]
[wp.alithemes.com/html/evara/evara-frontend/page-account.html]
[wp.alithemes.com/html/evara/evara-frontend/page-purchase-guide.html]
[wp.alithemes.com/html/evara/evara-frontend/page-privacy-policy.html]
[wp.alithemes.com/html/evara/evara-frontend/page-terms.html]
[wp.alithemes.com/html/evara/evara-frontend/page-404.html]
[wp.alithemes.com/html/evara/evara-frontend/assets/imgs/theme/icons/icon-youtube.svg]
[wp.alithemes.com/html/evara/evara-frontend/assets/imgs/slider/slider-1.png]
[wp.alithemes.com/html/evara/evara-frontend/assets/imgs/slider/slider-2.png]
[wp.alithemes.com/html/evara/evara-frontend/assets/imgs/slider/slider-3.png]
[wp.alithemes.com/html/evara/evara-frontend/assets/imgs/theme/icons/feature-1.png]
[wp.alithemes.com/html/evara/evara-frontend/assets/imgs/theme/icons/feature-2.png]
[wp.alithemes.com/html/evara/evara-frontend/assets/imgs/theme/icons/feature-3.png]
[wp.alithemes.com/html/evara/evara-frontend/assets/imgs/theme/icons/feature-4.png]
[wp.alithemes.com/html/evara/evara-frontend/assets/imgs/theme/icons/feature-5.png]
[wp.alithemes.com/html/evara/evara-frontend/assets/imgs/theme/icons/feature-6.png]
[wp.alithemes.com/html/evara/evara-frontend/assets/imgs/shop/product-1-1.jpg]
[wp.alithemes.com/html/evara/evara-frontend/assets/imgs/shop/product-1-2.jpg]
[wp.alithemes.com/html/evara/evara-frontend/assets/imgs/shop/product-2-1.jpg]
[wp.alithemes.com/html/evara/evara-frontend/assets/imgs/shop/product-2-2.jpg]
[wp.alithemes.com/html/evara/evara-frontend/assets/imgs/shop/product-3-1.jpg]
[wp.alithemes.com/html/evara/evara-frontend/assets/imgs/shop/product-3-2.jpg]
[wp.alithemes.com/html/evara/evara-frontend/assets/imgs/shop/product-4-1.jpg]
[wp.alithemes.com/html/evara/evara-frontend/assets/imgs/shop/product-4-2.jpg]
[wp.alithemes.com/html/evara/evara-frontend/assets/imgs/shop/product-5-1.jpg]
[wp.alithemes.com/html/evara/evara-frontend/assets/imgs/shop/product-5-2.jpg]
[wp.alithemes.com/html/evara/evara-frontend/assets/imgs/shop/product-6-1.jpg]
[wp.alithemes.com/html/evara/evara-frontend/assets/imgs/shop/product-6-2.jpg]
[wp.alithemes.com/html/evara/evara-frontend/assets/imgs/shop/product-7-1.jpg]
[wp.alithemes.com/html/evara/evara-frontend/assets/imgs/shop/product-7-2.jpg]
[wp.alithemes.com/html/evara/evara-frontend/assets/imgs/shop/product-8-1.jpg]
[wp.alithemes.com/html/evara/evara-frontend/assets/imgs/shop/product-8-2.jpg]
[wp.alithemes.com/html/evara/evara-frontend/assets/imgs/shop/product-9-1.jpg]
[wp.alithemes.com/html/evara/evara-frontend/assets/imgs/shop/product-9-2.jpg]
[wp.alithemes.com/html/evara/evara-frontend/assets/imgs/shop/product-10-1.jpg]
[wp.alithemes.com/html/evara/evara-frontend/assets/imgs/shop/product-10-2.jpg]
[wp.alithemes.com/html/evara/evara-frontend/assets/imgs/shop/product-11-1.jpg]
[wp.alithemes.com/html/evara/evara-frontend/assets/imgs/shop/product-11-2.jpg]
[wp.alithemes.com/html/evara/evara-frontend/assets/imgs/shop/product-12-1.jpg]
[wp.alithemes.com/html/evara/evara-frontend/assets/imgs/shop/product-12-2.jpg]
[wp.alithemes.com/html/evara/evara-frontend/assets/imgs/shop/product-13-1.jpg]
[wp.alithemes.com/html/evara/evara-frontend/assets/imgs/shop/product-13-2.jpg]
[wp.alithemes.com/html/evara/evara-frontend/assets/imgs/shop/product-14-1.jpg]
[wp.alithemes.com/html/evara/evara-frontend/assets/imgs/shop/product-14-2.jpg]
[wp.alithemes.com/html/evara/evara-frontend/assets/imgs/shop/product-15-1.jpg]
[wp.alithemes.com/html/evara/evara-frontend/assets/imgs/shop/product-15-2.jpg]
[wp.alithemes.com/html/evara/evara-frontend/assets/imgs/banner/banner-4.png]
[wp.alithemes.com/html/evara/evara-frontend/assets/imgs/shop/category-thumb-1.jpg]
[wp.alithemes.com/html/evara/evara-frontend/assets/imgs/shop/category-thumb-2.jpg]
[wp.alithemes.com/html/evara/evara-frontend/assets/imgs/shop/category-thumb-3.jpg]
[wp.alithemes.com/html/evara/evara-frontend/assets/imgs/shop/category-thumb-4.jpg]
[wp.alithemes.com/html/evara/evara-frontend/assets/imgs/shop/category-thumb-5.jpg]
[wp.alithemes.com/html/evara/evara-frontend/assets/imgs/shop/category-thumb-6.jpg]
[wp.alithemes.com/html/evara/evara-frontend/assets/imgs/shop/category-thumb-7.jpg]
[wp.alithemes.com/html/evara/evara-frontend/assets/imgs/shop/category-thumb-8.jpg]
[wp.alithemes.com/html/evara/evara-frontend/assets/imgs/banner/banner-1.png]
[wp.alithemes.com/html/evara/evara-frontend/assets/imgs/banner/banner-2.png]
[wp.alithemes.com/html/evara/evara-frontend/assets/imgs/banner/banner-3.png]
[wp.alithemes.com/html/evara/evara-frontend/assets/imgs/banner/menu-banner-7.jpg]
[wp.alithemes.com/html/evara/evara-frontend/assets/imgs/banner/menu-banner-8.jpg]
[wp.alithemes.com/html/evara/evara-frontend/assets/imgs/banner/brand-1.png]
[wp.alithemes.com/html/evara/evara-frontend/assets/imgs/banner/brand-2.png]
[wp.alithemes.com/html/evara/evara-frontend/assets/imgs/banner/brand-3.png]
[wp.alithemes.com/html/evara/evara-frontend/assets/imgs/banner/brand-4.png]
[wp.alithemes.com/html/evara/evara-frontend/assets/imgs/banner/brand-5.png]
[wp.alithemes.com/html/evara/evara-frontend/assets/imgs/banner/brand-6.png]
[wp.alithemes.com/html/evara/evara-frontend/assets/imgs/banner/banner-9.jpg]
[wp.alithemes.com/html/evara/evara-frontend/assets/imgs/blog/blog-2.jpg]
[wp.alithemes.com/html/evara/evara-frontend/assets/imgs/blog/blog-1.jpg]
[wp.alithemes.com/html/evara/evara-frontend/assets/imgs/banner/banner-5.jpg]
[wp.alithemes.com/html/evara/evara-frontend/assets/imgs/banner/banner-6.jpg]
[wp.alithemes.com/html/evara/evara-frontend/assets/imgs/banner/banner-7.jpg]
[wp.alithemes.com/html/evara/evara-frontend/assets/imgs/banner/banner-8.jpg]
[wp.alithemes.com/html/evara/evara-frontend/assets/imgs/banner/banner-10.jpg]
[wp.alithemes.com/html/evara/evara-frontend/assets/imgs/shop/thumbnail-1.jpg]
[wp.alithemes.com/html/evara/evara-frontend/assets/imgs/theme/icons/icon-email.svg]
[wp.alithemes.com/html/evara/evara-frontend/assets/imgs/theme/app-store.jpg]
[wp.alithemes.com/html/evara/evara-frontend/assets/imgs/theme/google-play.jpg]
[wp.alithemes.com/html/evara/evara-frontend/assets/imgs/theme/payment-method.png]
[wp.alithemes.com/html/evara/evara-frontend/assets/js/vendor/modernizr-3.6.0.min.js]
[wp.alithemes.com/html/evara/evara-frontend/assets/js/vendor/jquery-migrate-3.3.0.min.js]
[wp.alithemes.com/html/evara/evara-frontend/assets/js/vendor/jquery-3.6.0.min.js]
[wp.alithemes.com/html/evara/evara-frontend/assets/js/vendor/bootstrap.bundle.min.js]
[wp.alithemes.com/html/evara/evara-frontend/assets/js/plugins/jquery.syotimer.min.js]
[wp.alithemes.com/html/evara/evara-frontend/assets/js/plugins/slick.js]
[wp.alithemes.com/html/evara/evara-frontend/assets/js/plugins/wow.js]
[wp.alithemes.com/html/evara/evara-frontend/assets/js/plugins/perfect-scrollbar.js]
[wp.alithemes.com/html/evara/evara-frontend/assets/js/plugins/magnific-popup.js]
[wp.alithemes.com/html/evara/evara-frontend/assets/js/plugins/counterup.js]
[wp.alithemes.com/html/evara/evara-frontend/assets/js/plugins/waypoints.js]
[wp.alithemes.com/html/evara/evara-frontend/assets/js/plugins/jquery.countdown.min.js]
[wp.alithemes.com/html/evara/evara-frontend/assets/js/plugins/select2.min.js]
[wp.alithemes.com/html/evara/evara-frontend/assets/js/plugins/images-loaded.js]
[wp.alithemes.com/html/evara/evara-frontend/assets/js/plugins/scrollup.js]
[wp.alithemes.com/html/evara/evara-frontend/assets/js/plugins/jquery.vticker-min.js]
[wp.alithemes.com/html/evara/evara-frontend/assets/js/plugins/isotope.js]
[wp.alithemes.com/html/evara/evara-frontend/assets/js/plugins/jquery.theia.sticky.js]
[wp.alithemes.com/html/evara/evara-frontend/assets/js/plugins/jquery-ui.js]
[wp.alithemes.com/html/evara/evara-frontend/index.html]
[wp.alithemes.com/html/evara/evara-frontend/assets/js/shopd134.js]
[wp.alithemes.com/html/evara/evara-frontend/assets/imgs/theme/favicon.svg]
[wp.alithemes.com/html/evara/evara-frontend/assets/js/maind134.js]
[wp.alithemes.com/html/evara/evara-frontend/assets/js/plugins/jquery.elevatezoom.js]
[wp.alithemes.com/html/evara/evara-frontend/assets/css/vendors/normalize.css]
[wp.alithemes.com/html/evara/evara-frontend/assets/css/vendors/bootstrap.min.css]
[wp.alithemes.com/html/evara/evara-frontend/assets/css/vendors/evara-font.css]
[wp.alithemes.com/html/evara/evara-frontend/assets/css/vendors/uicons-regular-straight.css]
[wp.alithemes.com/html/evara/evara-frontend/assets/css/plugins/jquery-ui.css]
[wp.alithemes.com/html/evara/evara-frontend/assets/css/plugins/magnific-popup.css]
[wp.alithemes.com/html/evara/evara-frontend/assets/css/plugins/select2.min.css]
[wp.alithemes.com/html/evara/evara-frontend/assets/css/plugins/slick.css]
[wp.alithemes.com/html/evara/evara-frontend/assets/css/plugins/perfect-scrollbar.css]
[wp.alithemes.com/html/evara/evara-frontend/assets/imgs/favicon.svg]
[wp.alithemes.com/html/evara/evara-frontend/assets/imgs/theme/btn-brush-bg-1.png]
[wp.alithemes.com/html/evara/evara-frontend/assets/imgs/theme/btn-brush-bg-2.png]
[wp.alithemes.com/html/evara/evara-frontend/assets/imgs/theme/btn-brush-bg-3.png]
[wp.alithemes.com/html/evara/evara-frontend/assets/imgs/theme/rating-stars.png]
[wp.alithemes.com/html/evara/evara-frontend/assets/imgs/theme/topbar-bg.jpg]
[wp.alithemes.com/html/evara/evara-frontend/assets/imgs/theme/icons/search.png]
[wp.alithemes.com/html/evara/evara-frontend/assets/css/maind134.css]
[wp.alithemes.com/html/evara/evara-frontend/assets/imgs/page/avatar-6.jpg]
[wp.alithemes.com/html/evara/evara-frontend/assets/imgs/page/avatar-7.jpg]
[wp.alithemes.com/html/evara/evara-frontend/assets/imgs/page/avatar-8.jpg]
[wp.alithemes.com/html/evara/evara-frontend/shop-product-detail.html]
[wp.alithemes.com/html/evara/evara-frontend/assets/imgs/banner/banner-11.jpg]
[wp.alithemes.com/html/evara/evara-frontend/shop-product-right.html]
[wp.alithemes.com/html/evara/evara-frontend/shop-grid-right.html]
[wp.alithemes.com/html/evara/evara-frontend/assets/imgs/theme/icons/icon-facebook.svg]
[wp.alithemes.com/html/evara/evara-frontend/assets/imgs/theme/icons/icon-twitter.svg]
[wp.alithemes.com/html/evara/evara-frontend/assets/imgs/theme/icons/icon-instagram.svg]
[wp.alithemes.com/html/evara/evara-frontend/assets/imgs/theme/icons/icon-pinterest.svg]
[wp.alithemes.com/html/evara/evara-frontend/shop-wishlist.html]
[wp.alithemes.com/html/evara/evara-frontend/shop-compare.html]
[unpkg.com/leaflet@1.7.1/dist/leaflet.css]
[wp.alithemes.com/cdn-cgi/scripts/5c5dd728/cloudflare-static/email-decode.min.js]
[wp.alithemes.com/html/evara/evara-frontend/page-contact.html]
[wp.alithemes.com/html/evara/evara-frontend/page-login-register.html]
[wp.alithemes.com/html/evara/evara-frontend/assets/imgs/theme/logo.svg]
[wp.alithemes.com/html/evara/evara-frontend/assets/imgs/theme/icons/icon-heart.svg]
[wp.alithemes.com/html/evara/evara-frontend/shop-cart.html]
[wp.alithemes.com/html/evara/evara-frontend/assets/imgs/theme/icons/icon-cart.svg]
[wp.alithemes.com/html/evara/evara-frontend/shop-checkout.html]
[wp.alithemes.com/html/evara/evara-frontend/index-2.html]
[wp.alithemes.com/html/evara/evara-frontend/assets/js/plugins/leaflet.js]
[wp.alithemes.com/html/evara/evara-frontend/assets/imgs/slider/slider-4.png]
[wp.alithemes.com/html/evara/evara-frontend/assets/imgs/slider/slider-5.png]
[wp.alithemes.com/html/evara/evara-frontend/index-3.html]
[wp.alithemes.com/html/evara/evara-frontend/assets/imgs/slider/slider-6.png]
[unpkg.com/leaflet@1.7.1/dist/leaflet.js]
[wp.alithemes.com/html/evara/evara-frontend/assets/imgs/slider/slider-7.png]
[wp.alithemes.com/html/evara/evara-frontend/index-4.html]
[wp.alithemes.com/html/evara/evara-frontend/assets/imgs/page/about-1.png]
[wp.alithemes.com/html/evara/evara-frontend/assets/imgs/page/avatar-1.jpg]
[wp.alithemes.com/html/evara/evara-frontend/assets/imgs/page/avatar-2.jpg]
[wp.alithemes.com/html/evara/evara-frontend/assets/imgs/page/avatar-3.jpg]
[wp.alithemes.com/html/evara/evara-frontend/assets/imgs/page/avatar-4.jpg]
[wp.alithemes.com/html/evara/evara-frontend/assets/imgs/page/company-1.jpg]
[wp.alithemes.com/html/evara/evara-frontend/assets/imgs/page/company-2.jpg]
[wp.alithemes.com/html/evara/evara-frontend/assets/imgs/page/company-3.jpg]
[wp.alithemes.com/html/evara/evara-frontend/assets/imgs/page/avatar-5.jpg]
[wp.alithemes.com/html/evara/evara-frontend/page-about.html]
[wp.alithemes.com/html/evara/evara-frontend/shop-grid-left.html]
[wp.alithemes.com/html/evara/evara-frontend/shop-list-right.html]
[wp.alithemes.com/html/evara/evara-frontend/shop-list-left.html]
[wp.alithemes.com/html/evara/evara-frontend/shop-fullwidth.html]
[wp.alithemes.com/html/evara/evara-frontend/shop-product-left.html]
[wp.alithemes.com/html/evara/evara-frontend/shop-product-full.html]
[wp.alithemes.com/html/evara/evara-frontend/shop-filter.html]
[wp.alithemes.com/html/evara/evara-frontend/assets/imgs/blog/blog-6.jpg]
[wp.alithemes.com/html/evara/evara-frontend/assets/imgs/blog/blog-8.jpg]
[wp.alithemes.com/html/evara/evara-frontend/assets/imgs/blog/blog-3.jpg]
[wp.alithemes.com/html/evara/evara-frontend/assets/imgs/blog/blog-4.jpg]
[wp.alithemes.com/html/evara/evara-frontend/assets/imgs/blog/blog-5.jpg]
[wp.alithemes.com/html/evara/evara-frontend/assets/imgs/blog/blog-9.jpg]
[wp.alithemes.com/html/evara/evara-frontend/blog-category-grid.html]
[wp.alithemes.com/html/evara/evara-frontend/blog-category-list.html]
[wp.alithemes.com/html/evara/evara-frontend/blog-category-big.html]
[wp.alithemes.com/html/evara/evara-frontend/blog-category-fullwidth.html]
[wp.alithemes.com/html/evara/evara-frontend/blog-post-left.html]
[wp.alithemes.com/html/evara/evara-frontend/blog-post-right.html]
[wp.alithemes.com/html/evara/evara-frontend/blog-post-fullwidth.html]
[wp.alithemes.com/html/evara/evara-frontend/page-account.html]
[wp.alithemes.com/html/evara/evara-frontend/assets/imgs/page/img-1.jpg]
[wp.alithemes.com/html/evara/evara-frontend/page-purchase-guide.html]
[wp.alithemes.com/html/evara/evara-frontend/page-privacy-policy.html]
[wp.alithemes.com/html/evara/evara-frontend/assets/imgs/blog/blog-10.jpg]
[wp.alithemes.com/html/evara/evara-frontend/page-terms.html]
[wp.alithemes.com/html/evara/evara-frontend/assets/imgs/theme/404.png]
[wp.alithemes.com/html/evara/evara-frontend/page-404.html]
[wp.alithemes.com/html/evara/evara-frontend/assets/imgs/theme/icons/icon-youtube.svg]
[wp.alithemes.com/html/evara/evara-frontend/assets/imgs/theme/icons/icon-email.svg]
[wp.alithemes.com/html/evara/evara-frontend/assets/css/vendors/normalize.css]
[wp.alithemes.com/html/evara/evara-frontend/assets/css/vendors/bootstrap.min.css]
[wp.alithemes.com/html/evara/evara-frontend/assets/fonts/evara-font/evara-font57b6.ttf]
[wp.alithemes.com/html/evara/evara-frontend/assets/fonts/evara-font/evara-font57b6.woff]
[wp.alithemes.com/html/evara/evara-frontend/assets/fonts/evara-font/evara-font57b6.woff2]
[wp.alithemes.com/html/evara/evara-frontend/assets/fonts/evara-font/evara-font57b6.eot]
[wp.alithemes.com/html/evara/evara-frontend/assets/fonts/evara-font/evara-font57b6.svg]
[wp.alithemes.com/html/evara/evara-frontend/assets/css/vendors/evara-font.css]
[wp.alithemes.com/html/evara/evara-frontend/assets/fonts/uicons/uicons-regular-straight.woff2]
[wp.alithemes.com/html/evara/evara-frontend/assets/fonts/uicons/uicons-regular-straight.woff]
[wp.alithemes.com/html/evara/evara-frontend/assets/css/vendors/uicons-regular-straight.css]
[wp.alithemes.com/html/evara/evara-frontend/assets/css/plugins/images/ui-icons_444444_256x240.d8.delayed]
[wp.alithemes.com/html/evara/evara-frontend/assets/css/plugins/images/ui-icons_555555_256x240.html]
[wp.alithemes.com/html/evara/evara-frontend/assets/fonts/uicons/uicons-regular-straight.eot]
[wp.alithemes.com/html/evara/evara-frontend/assets/css/plugins/images/ui-icons_ffffff_256x240.html]
[wp.alithemes.com/html/evara/evara-frontend/assets/css/plugins/images/ui-icons_777620_256x240.html]
[wp.alithemes.com/html/evara/evara-frontend/assets/css/plugins/images/ui-icons_cc0000_256x240.html]
[wp.alithemes.com/html/evara/evara-frontend/assets/css/plugins/images/ui-icons_777777_256x240.html]
[wp.alithemes.com/html/evara/evara-frontend/assets/css/plugins/jquery-ui.css]
[wp.alithemes.com/html/evara/evara-frontend/assets/css/plugins/magnific-popup.css]
[wp.alithemes.com/html/evara/evara-frontend/assets/css/plugins/select2.min.css]
[wp.alithemes.com/html/evara/evara-frontend/assets/css/plugins/slick.css]
[wp.alithemes.com/html/evara/evara-frontend/assets/css/plugins/perfect-scrollbar.css]
[wp.alithemes.com/html/evara/evara-frontend/assets/imgs/favicon.html]
[wp.alithemes.com/html/evara/evara-frontend/shop-product-detail.html]
[unpkg.com/leaflet@1.7.1/dist/images/layers.png]
[unpkg.com/leaflet@1.7.1/dist/images/layers-2x.png]
[unpkg.com/leaflet@1.7.1/dist/images/marker-icon.png]
[unpkg.com/leaflet@1.7.1/dist/leaflet.css]
[wp.alithemes.com/html/evara/evara-frontend/assets/fonts/evara-font/evara-font57b6.svg]
[wp.alithemes.com/html/evara/evara-frontend/assets/css/plugins/images/ui-icons_444444_256x240.html]
[wp.alithemes.com/html/evara/evara-frontend/assets/css/plugins/images/ui-icons_555555_256x240.html]
[wp.alithemes.com/html/evara/evara-frontend/assets/css/plugins/images/ui-icons_ffffff_256x240.html]
[wp.alithemes.com/html/evara/evara-frontend/assets/css/plugins/images/ui-icons_777620_256x240.html]
[wp.alithemes.com/html/evara/evara-frontend/assets/css/plugins/images/ui-icons_cc0000_256x240.html]
[wp.alithemes.com/html/evara/evara-frontend/assets/css/plugins/images/ui-icons_777777_256x240.html]
